mode: set
week-6-assignment-habibullahturkmen/main.go:8.13,11.2 2 0
week-6-assignment-habibullahturkmen/repository.go:8.47,10.2 1 1
week-6-assignment-habibullahturkmen/repository.go:17.86,18.24 1 1
week-6-assignment-habibullahturkmen/repository.go:21.2,21.30 1 1
week-6-assignment-habibullahturkmen/repository.go:26.2,27.41 2 1
week-6-assignment-habibullahturkmen/repository.go:18.24,20.3 1 1
week-6-assignment-habibullahturkmen/repository.go:21.30,22.56 1 1
week-6-assignment-habibullahturkmen/repository.go:22.56,24.4 1 1
week-6-assignment-habibullahturkmen/repository.go:31.72,34.34 2 1
week-6-assignment-habibullahturkmen/repository.go:42.2,42.23 1 1
week-6-assignment-habibullahturkmen/repository.go:47.2,47.16 1 1
week-6-assignment-habibullahturkmen/repository.go:34.34,35.56 1 1
week-6-assignment-habibullahturkmen/repository.go:35.56,38.4 2 1
week-6-assignment-habibullahturkmen/repository.go:42.23,44.3 1 1
week-6-assignment-habibullahturkmen/repository.go:51.107,52.34 1 1
week-6-assignment-habibullahturkmen/repository.go:61.2,61.31 1 1
week-6-assignment-habibullahturkmen/repository.go:52.34,53.56 1 1
week-6-assignment-habibullahturkmen/repository.go:53.56,54.38 1 1
week-6-assignment-habibullahturkmen/repository.go:57.4,58.48 2 1
week-6-assignment-habibullahturkmen/repository.go:54.38,56.5 1 1
week-6-assignment-habibullahturkmen/server.go:28.74,31.32 2 1
week-6-assignment-habibullahturkmen/server.go:31.32,33.3 1 1
week-6-assignment-habibullahturkmen/server.go:33.8,33.39 1 1
week-6-assignment-habibullahturkmen/server.go:33.39,35.3 1 1
week-6-assignment-habibullahturkmen/server.go:35.8,35.40 1 1
week-6-assignment-habibullahturkmen/server.go:35.40,41.17 4 1
week-6-assignment-habibullahturkmen/server.go:47.3,48.43 2 1
week-6-assignment-habibullahturkmen/server.go:41.17,45.4 3 0
week-6-assignment-habibullahturkmen/server.go:55.79,58.23 2 1
week-6-assignment-habibullahturkmen/server.go:62.2,63.34 2 1
week-6-assignment-habibullahturkmen/server.go:67.2,69.15 3 1
week-6-assignment-habibullahturkmen/server.go:58.23,60.3 1 1
week-6-assignment-habibullahturkmen/server.go:63.34,65.3 1 1
week-6-assignment-habibullahturkmen/server.go:73.101,77.2 3 1
week-6-assignment-habibullahturkmen/server.go:80.94,82.16 2 1
week-6-assignment-habibullahturkmen/server.go:85.2,86.36 2 1
week-6-assignment-habibullahturkmen/server.go:82.16,84.3 1 1
